<?xml version="1.0" encoding="UTF-8"?>
<testsuite xmlns:xsi="http://www.w3.org/2001/XMLSchema-instance" xsi:noNamespaceSchemaLocation="https://maven.apache.org/surefire/maven-surefire-plugin/xsd/surefire-test-report-3.0.xsd" version="3.0" name="com.example.biblioteca.ValidacoesTest" time="0.024" tests="3" errors="0" skipped="0" failures="0">
  <properties>
[...]
</properties>
  <testcase name="testNomeValido" classname="com.example.biblioteca.ValidacoesTest" time="0.009"/>
  <testcase name="testSenhaForte" classname="com.example.biblioteca.ValidacoesTest" time="0.004"/>
  <testcase name="testEmailValido" classname="com.example.biblioteca.ValidacoesTest" time="0.003"/>
</testsuite>